This file contains any messages produced by compilers while
running configure, to aid debugging if configure makes a mistake.

It was created by ta-lib configure 0.6.4, which was
generated by GNU Autoconf 2.71.  Invocation command line was

  $ ./configure --prefix=/usr/local

## --------- ##
## Platform. ##
## --------- ##

hostname = Pietros-MacBook-Air.local
uname -m = arm64
uname -r = 24.5.0
uname -s = Darwin
uname -v = Darwin Kernel Version 24.5.0: Tue Apr 22 19:54:26 PDT 2025; root:xnu-11417.121.6~2/RELEASE_ARM64_T8112

/usr/bin/uname -p = arm
/bin/uname -X     = unknown

/bin/arch              = unknown
/usr/bin/arch -k       = unknown
/usr/convex/getsysinfo = unknown
/usr/bin/hostinfo      = Mach kernel version:
	 Darwin Kernel Version 24.5.0: Tue Apr 22 19:54:26 PDT 2025; root:xnu-11417.121.6~2/RELEASE_ARM64_T8112
Kernel configured for up to 8 processors.
8 processors are physically available.
8 processors are logically available.
Processor type: arm64e (ARM64E)
Processors active: 0 1 2 3 4 5 6 7
Primary memory available: 8.00 gigabytes
Default processor set: 397 tasks, 2606 threads, 8 processors
Load average: 2.06, Mach factor: 5.93
/bin/machine           = unknown
/usr/bin/oslevel       = unknown
/bin/universe          = unknown

PATH: /Library/Frameworks/Python.framework/Versions/3.12/bin/
PATH: /usr/local/bin/
PATH: /System/Cryptexes/App/usr/bin/
PATH: /usr/bin/
PATH: /bin/
PATH: /usr/sbin/
PATH: /sbin/
PATH: /var/run/com.apple.security.cryptexd/codex.system/bootstrap/usr/local/bin/
PATH: /var/run/com.apple.security.cryptexd/codex.system/bootstrap/usr/bin/
PATH: /var/run/com.apple.security.cryptexd/codex.system/bootstrap/usr/appleinternal/bin/
PATH: /Library/Frameworks/Python.framework/Versions/3.12/bin/
PATH: /Users/pietroriccio/.cursor/extensions/ms-python.debugpy-2025.8.0-darwin-arm64/bundled/scripts/noConfigScripts/


## ----------- ##
## Core tests. ##
## ----------- ##

configure:2464: looking for aux files: config.guess config.sub ltmain.sh compile ar-lib missing install-sh
configure:2477:  trying ./
configure:2506:   ./config.guess found
configure:2506:   ./config.sub found
configure:2506:   ./ltmain.sh found
configure:2506:   ./compile found
configure:2506:   ./ar-lib found
configure:2506:   ./missing found
configure:2488:   ./install-sh found
configure:2639: checking for a BSD-compatible install
configure:2712: result: /usr/bin/install -c
configure:2723: checking whether build environment is sane
configure:2778: result: yes
configure:2937: checking for a race-free mkdir -p
configure:2981: result: ./install-sh -c -d
configure:2988: checking for gawk
configure:3023: result: no
configure:2988: checking for mawk
configure:3023: result: no
configure:2988: checking for nawk
configure:3023: result: no
configure:2988: checking for awk
configure:3009: found /usr/bin/awk
configure:3020: result: awk
configure:3031: checking whether make sets $(MAKE)
configure:3054: result: yes
configure:3084: checking whether make supports nested variables
configure:3102: result: yes
configure:3253: checking whether make supports the include directive
configure:3268: make -f confmf.GNU && cat confinc.out
this is the am__doit target
configure:3271: $? = 0
configure:3290: result: yes (GNU style)
configure:3366: checking for gcc
configure:3387: found /usr/bin/gcc
configure:3398: result: gcc
configure:3751: checking for C compiler version
configure:3760: gcc --version >&5
Apple clang version 17.0.0 (clang-1700.0.13.5)
Target: arm64-apple-darwin24.5.0
Thread model: posix
InstalledDir: /Library/Developer/CommandLineTools/usr/bin
configure:3771: $? = 0
configure:3760: gcc -v >&5
Apple clang version 17.0.0 (clang-1700.0.13.5)
Target: arm64-apple-darwin24.5.0
Thread model: posix
InstalledDir: /Library/Developer/CommandLineTools/usr/bin
configure:3771: $? = 0
configure:3760: gcc -V >&5
clang: error: argument to '-V' is missing (expected 1 value)
clang: error: no input files
configure:3771: $? = 1
configure:3760: gcc -qversion >&5
clang: error: unknown argument '-qversion'; did you mean '--version'?
clang: error: no input files
configure:3771: $? = 1
configure:3760: gcc -version >&5
clang: error: unknown argument '-version'; did you mean '--version'?
clang: error: no input files
configure:3771: $? = 1
configure:3791: checking whether the C compiler works
configure:3813: gcc    conftest.c  >&5
configure:3817: $? = 0
configure:3867: result: yes
configure:3870: checking for C compiler default output file name
configure:3872: result: a.out
configure:3878: checking for suffix of executables
configure:3885: gcc -o conftest    conftest.c  >&5
configure:3889: $? = 0
configure:3912: result: 
configure:3934: checking whether we are cross compiling
configure:3942: gcc -o conftest    conftest.c  >&5
configure:3946: $? = 0
configure:3953: ./conftest
configure:3957: $? = 0
configure:3972: result: no
configure:3977: checking for suffix of object files
configure:4000: gcc -c   conftest.c >&5
configure:4004: $? = 0
configure:4026: result: o
configure:4030: checking whether the compiler supports GNU C
configure:4050: gcc -c   conftest.c >&5
configure:4050: $? = 0
configure:4060: result: yes
configure:4071: checking whether gcc accepts -g
configure:4092: gcc -c -g  conftest.c >&5
configure:4092: $? = 0
configure:4136: result: yes
configure:4156: checking for gcc option to enable C11 features
configure:4171: gcc  -c -g -O2  conftest.c >&5
conftest.c:25:14: warning: a function definition without a prototype is deprecated in all versions of C and is not supported in C23 [-Wdeprecated-non-prototype]
   25 | static char *e (p, i)
      |              ^
1 warning generated.
configure:4171: $? = 0
configure:4189: result: none needed
configure:4305: checking whether gcc understands -c and -o together
configure:4328: gcc -c conftest.c -o conftest2.o
configure:4331: $? = 0
configure:4328: gcc -c conftest.c -o conftest2.o
configure:4331: $? = 0
configure:4343: result: yes
configure:4362: checking dependency style of gcc
configure:4474: result: gcc3
configure:4545: checking for ar
configure:4566: found /usr/bin/ar
configure:4577: result: ar
configure:4603: checking the archiver (ar) interface
configure:4620: gcc -c -g -O2  conftest.c >&5
configure:4620: $? = 0
configure:4623: ar cru libconftest.a conftest.o >&5
configure:4626: $? = 0
configure:4654: result: ar
configure:4727: checking for gcc
configure:4759: result: gcc
configure:5112: checking for C compiler version
configure:5121: gcc --version >&5
Apple clang version 17.0.0 (clang-1700.0.13.5)
Target: arm64-apple-darwin24.5.0
Thread model: posix
InstalledDir: /Library/Developer/CommandLineTools/usr/bin
configure:5132: $? = 0
configure:5121: gcc -v >&5
Apple clang version 17.0.0 (clang-1700.0.13.5)
Target: arm64-apple-darwin24.5.0
Thread model: posix
InstalledDir: /Library/Developer/CommandLineTools/usr/bin
configure:5132: $? = 0
configure:5121: gcc -V >&5
clang: error: argument to '-V' is missing (expected 1 value)
clang: error: no input files
configure:5132: $? = 1
configure:5121: gcc -qversion >&5
clang: error: unknown argument '-qversion'; did you mean '--version'?
clang: error: no input files
configure:5132: $? = 1
configure:5121: gcc -version >&5
clang: error: unknown argument '-version'; did you mean '--version'?
clang: error: no input files
configure:5132: $? = 1
configure:5136: checking whether the compiler supports GNU C
configure:5166: result: yes
configure:5177: checking whether gcc accepts -g
configure:5242: result: yes
configure:5262: checking for gcc option to enable C11 features
configure:5295: result: none needed
configure:5411: checking whether gcc understands -c and -o together
configure:5449: result: yes
configure:5468: checking dependency style of gcc
configure:5580: result: gcc3
configure:5627: checking build system type
configure:5642: result: aarch64-apple-darwin24.5.0
configure:5662: checking host system type
configure:5676: result: aarch64-apple-darwin24.5.0
configure:5717: checking how to print strings
configure:5744: result: printf
configure:5765: checking for a sed that does not truncate output
configure:5835: result: /usr/bin/sed
configure:5853: checking for grep that handles long lines and -e
configure:5917: result: /usr/bin/grep
configure:5922: checking for egrep
configure:5990: result: /usr/bin/grep -E
configure:5995: checking for fgrep
configure:6063: result: /usr/bin/grep -F
configure:6099: checking for ld used by gcc
configure:6167: result: /Library/Developer/CommandLineTools/usr/bin/ld
configure:6174: checking if the linker (/Library/Developer/CommandLineTools/usr/bin/ld) is GNU ld
configure:6190: result: no
configure:6202: checking for BSD- or MS-compatible name lister (nm)
configure:6257: result: /usr/bin/nm -B
configure:6397: checking the name lister (/usr/bin/nm -B) interface
configure:6405: gcc -c -g -O2  conftest.c >&5
configure:6408: /usr/bin/nm -B "conftest.o"
configure:6411: output
000000000000024c S _some_variable
0000000000000000 t ltmp0
000000000000024c s ltmp1
configure:6418: result: BSD nm
configure:6421: checking whether ln -s works
configure:6425: result: yes
configure:6433: checking the maximum length of command line arguments
configure:6565: result: 786432
configure:6613: checking how to convert aarch64-apple-darwin24.5.0 file names to aarch64-apple-darwin24.5.0 format
configure:6654: result: func_convert_file_noop
configure:6661: checking how to convert aarch64-apple-darwin24.5.0 file names to toolchain format
configure:6682: result: func_convert_file_noop
configure:6689: checking for /Library/Developer/CommandLineTools/usr/bin/ld option to reload object files
configure:6697: result: -r
configure:6776: checking for objdump
configure:6797: found /usr/bin/objdump
configure:6808: result: objdump
configure:6840: checking how to recognize dependent libraries
configure:7041: result: pass_all
configure:7131: checking for dlltool
configure:7166: result: no
configure:7196: checking how to associate runtime and link libraries
configure:7224: result: printf %s\n
configure:7358: checking for archiver @FILE support
configure:7376: gcc -c -g -O2  conftest.c >&5
configure:7376: $? = 0
configure:7380: ar cr libconftest.a @conftest.lst >&5
ar: @conftest.lst: No such file or directory
configure:7383: $? = 1
configure:7403: result: no
configure:7466: checking for strip
configure:7487: found /usr/bin/strip
configure:7498: result: strip
configure:7575: checking for ranlib
configure:7596: found /usr/bin/ranlib
configure:7607: result: ranlib
configure:7709: checking command to parse /usr/bin/nm -B output from gcc object
configure:7863: gcc -c -g -O2  conftest.c >&5
configure:7866: $? = 0
configure:7870: /usr/bin/nm -B conftest.o | sed -n -e 's/^.*[	 ]\([ABCDGIRSTW][ABCDGIRSTW]*\)[	 ][	 ]*\([_A-Za-z][_A-Za-z0-9]*\)$/\1 \2 \2/p' | sed '/ __gnu_lto/d' > conftest.nm
cannot find nm_test_var in conftest.nm
configure:7863: gcc -c -g -O2  conftest.c >&5
configure:7866: $? = 0
configure:7870: /usr/bin/nm -B conftest.o | sed -n -e 's/^.*[	 ]\([ABCDGIRSTW][ABCDGIRSTW]*\)[	 ][	 ]*_\([_A-Za-z][_A-Za-z0-9]*\)$/\1 _\2 \2/p' | sed '/ __gnu_lto/d' > conftest.nm
configure:7936: gcc -o conftest -g -O2   conftest.c conftstm.o >&5
configure:7939: $? = 0
configure:7977: result: ok
configure:8024: checking for sysroot
configure:8055: result: no
configure:8062: checking for a working dd
configure:8106: result: /bin/dd
configure:8110: checking how to truncate binary pipes
configure:8126: result: /bin/dd bs=4096 count=1
configure:8463: checking for mt
configure:8498: result: no
configure:8518: checking if : is a manifest tool
configure:8525: : '-?'
configure:8533: result: no
configure:8594: checking for dsymutil
configure:8615: found /usr/bin/dsymutil
configure:8626: result: dsymutil
configure:8696: checking for nmedit
configure:8717: found /usr/bin/nmedit
configure:8728: result: nmedit
configure:8798: checking for lipo
configure:8819: found /usr/bin/lipo
configure:8830: result: lipo
configure:8900: checking for otool
configure:8921: found /usr/bin/otool
configure:8932: result: otool
configure:9002: checking for otool64
configure:9037: result: no
configure:9082: checking for -single_module linker flag
gcc -g -O2  -o libconftest.dylib -dynamiclib -Wl,-single_module conftest.c
ld: warning: -single_module is obsolete
configure:9116: result: no
configure:9119: checking for -exported_symbols_list linker flag
configure:9140: gcc -o conftest -g -O2   -Wl,-exported_symbols_list,conftest.sym conftest.c  >&5
configure:9140: $? = 0
configure:9151: result: yes
configure:9154: checking for -force_load linker flag
gcc -g -O2 -c -o conftest.o conftest.c
ar cr libconftest.a conftest.o
ranlib libconftest.a
gcc -g -O2  -o conftest conftest.c -Wl,-force_load,./libconftest.a
configure:9187: result: yes
configure:9263: checking for stdio.h
configure:9263: gcc -c -g -O2  conftest.c >&5
configure:9263: $? = 0
configure:9263: result: yes
configure:9263: checking for stdlib.h
configure:9263: gcc -c -g -O2  conftest.c >&5
configure:9263: $? = 0
configure:9263: result: yes
configure:9263: checking for string.h
configure:9263: gcc -c -g -O2  conftest.c >&5
configure:9263: $? = 0
configure:9263: result: yes
configure:9263: checking for inttypes.h
configure:9263: gcc -c -g -O2  conftest.c >&5
configure:9263: $? = 0
configure:9263: result: yes
configure:9263: checking for stdint.h
configure:9263: gcc -c -g -O2  conftest.c >&5
configure:9263: $? = 0
configure:9263: result: yes
configure:9263: checking for strings.h
configure:9263: gcc -c -g -O2  conftest.c >&5
configure:9263: $? = 0
configure:9263: result: yes
configure:9263: checking for sys/stat.h
configure:9263: gcc -c -g -O2  conftest.c >&5
configure:9263: $? = 0
configure:9263: result: yes
configure:9263: checking for sys/types.h
configure:9263: gcc -c -g -O2  conftest.c >&5
configure:9263: $? = 0
configure:9263: result: yes
configure:9263: checking for unistd.h
configure:9263: gcc -c -g -O2  conftest.c >&5
configure:9263: $? = 0
configure:9263: result: yes
configure:9288: checking for dlfcn.h
configure:9288: gcc -c -g -O2  conftest.c >&5
configure:9288: $? = 0
configure:9288: result: yes
configure:9547: checking for objdir
configure:9563: result: .libs
configure:9827: checking if gcc supports -fno-rtti -fno-exceptions
configure:9846: gcc -c -g -O2  -fno-rtti -fno-exceptions conftest.c >&5
configure:9850: $? = 0
configure:9863: result: yes
configure:10227: checking for gcc option to produce PIC
configure:10235: result: -fno-common -DPIC
configure:10243: checking if gcc PIC flag -fno-common -DPIC works
configure:10262: gcc -c -g -O2  -fno-common -DPIC -DPIC conftest.c >&5
configure:10266: $? = 0
configure:10279: result: yes
configure:10308: checking if gcc static flag -static works
configure:10337: result: no
configure:10352: checking if gcc supports -c -o file.o
configure:10374: gcc -c -g -O2  -o out/conftest2.o conftest.c >&5
configure:10378: $? = 0
configure:10400: result: yes
configure:10408: checking if gcc supports -c -o file.o
configure:10456: result: yes
configure:10489: checking whether the gcc linker (/Library/Developer/CommandLineTools/usr/bin/ld) supports shared libraries
configure:11759: result: yes
configure:12000: checking dynamic linker characteristics
configure:12833: result: darwin24.5.0 dyld
configure:12955: checking how to hardcode library paths into programs
configure:12980: result: immediate
configure:13532: checking whether stripping libraries is possible
configure:13546: result: yes
configure:13572: checking if libtool supports shared libraries
configure:13574: result: yes
configure:13577: checking whether to build shared libraries
configure:13602: result: yes
configure:13605: checking whether to build static libraries
configure:13609: result: yes
configure:13650: checking for egrep
configure:13718: result: /usr/bin/grep -E
configure:13724: checking for float.h
configure:13724: gcc -c -g -O2  conftest.c >&5
configure:13724: $? = 0
configure:13724: result: yes
configure:13730: checking for inttypes.h
configure:13730: result: yes
configure:13736: checking for limits.h
configure:13736: gcc -c -g -O2  conftest.c >&5
configure:13736: $? = 0
configure:13736: result: yes
configure:13742: checking for locale.h
configure:13742: gcc -c -g -O2  conftest.c >&5
configure:13742: $? = 0
configure:13742: result: yes
configure:13748: checking for stddef.h
configure:13748: gcc -c -g -O2  conftest.c >&5
configure:13748: $? = 0
configure:13748: result: yes
configure:13754: checking for stdint.h
configure:13754: result: yes
configure:13760: checking for stdlib.h
configure:13760: result: yes
configure:13766: checking for string.h
configure:13766: result: yes
configure:13772: checking for unistd.h
configure:13772: result: yes
configure:13778: checking for wchar.h
configure:13778: gcc -c -g -O2  conftest.c >&5
configure:13778: $? = 0
configure:13778: result: yes
configure:13784: checking for wctype.h
configure:13784: gcc -c -g -O2  conftest.c >&5
configure:13784: $? = 0
configure:13784: result: yes
configure:13793: checking for an ANSI C-conforming const
configure:13860: gcc -c -g -O2  conftest.c >&5
configure:13860: $? = 0
configure:13868: result: yes
configure:13876: checking for size_t
configure:13876: gcc -c -g -O2  conftest.c >&5
configure:13876: $? = 0
configure:13876: gcc -c -g -O2  conftest.c >&5
conftest.c:65:21: error: expected expression
   65 | if (sizeof ((size_t)))
      |                     ^
1 error generated.
configure:13876: $? = 1
configure: failed program was:
| /* confdefs.h */
| #define PACKAGE_NAME "ta-lib"
| #define PACKAGE_TARNAME "ta-lib"
| #define PACKAGE_VERSION "0.6.4"
| #define PACKAGE_STRING "ta-lib 0.6.4"
| #define PACKAGE_BUGREPORT "https://github.com/TA-Lib/ta-lib/issues"
| #define PACKAGE_URL "https://github.com/TA-Lib/ta-lib"
| #define PACKAGE "ta-lib"
| #define VERSION "0.6.4"
| #define HAVE_STDIO_H 1
| #define HAVE_STDLIB_H 1
| #define HAVE_STRING_H 1
| #define HAVE_INTTYPES_H 1
| #define HAVE_STDINT_H 1
| #define HAVE_STRINGS_H 1
| #define HAVE_SYS_STAT_H 1
| #define HAVE_SYS_TYPES_H 1
| #define HAVE_UNISTD_H 1
| #define STDC_HEADERS 1
| #define HAVE_DLFCN_H 1
| #define LT_OBJDIR ".libs/"
| #define HAVE_FLOAT_H 1
| #define HAVE_INTTYPES_H 1
| #define HAVE_LIMITS_H 1
| #define HAVE_LOCALE_H 1
| #define HAVE_STDDEF_H 1
| #define HAVE_STDINT_H 1
| #define HAVE_STDLIB_H 1
| #define HAVE_STRING_H 1
| #define HAVE_UNISTD_H 1
| #define HAVE_WCHAR_H 1
| #define HAVE_WCTYPE_H 1
| /* end confdefs.h.  */
| #include <stddef.h>
| #ifdef HAVE_STDIO_H
| # include <stdio.h>
| #endif
| #ifdef HAVE_STDLIB_H
| # include <stdlib.h>
| #endif
| #ifdef HAVE_STRING_H
| # include <string.h>
| #endif
| #ifdef HAVE_INTTYPES_H
| # include <inttypes.h>
| #endif
| #ifdef HAVE_STDINT_H
| # include <stdint.h>
| #endif
| #ifdef HAVE_STRINGS_H
| # include <strings.h>
| #endif
| #ifdef HAVE_SYS_TYPES_H
| # include <sys/types.h>
| #endif
| #ifdef HAVE_SYS_STAT_H
| # include <sys/stat.h>
| #endif
| #ifdef HAVE_UNISTD_H
| # include <unistd.h>
| #endif
| int
| main (void)
| {
| if (sizeof ((size_t)))
| 	    return 0;
|   ;
|   return 0;
| }
configure:13876: result: yes
configure:13886: checking whether struct tm is in sys/time.h or time.h
configure:13907: gcc -c -g -O2  conftest.c >&5
configure:13907: $? = 0
configure:13915: result: time.h
configure:13923: checking for working volatile
configure:13943: gcc -c -g -O2  conftest.c >&5
configure:13943: $? = 0
configure:13951: result: yes
configure:13959: checking for ptrdiff_t
configure:13959: gcc -c -g -O2  conftest.c >&5
configure:13959: $? = 0
configure:13959: gcc -c -g -O2  conftest.c >&5
conftest.c:65:24: error: expected expression
   65 | if (sizeof ((ptrdiff_t)))
      |                        ^
1 error generated.
configure:13959: $? = 1
configure: failed program was:
| /* confdefs.h */
| #define PACKAGE_NAME "ta-lib"
| #define PACKAGE_TARNAME "ta-lib"
| #define PACKAGE_VERSION "0.6.4"
| #define PACKAGE_STRING "ta-lib 0.6.4"
| #define PACKAGE_BUGREPORT "https://github.com/TA-Lib/ta-lib/issues"
| #define PACKAGE_URL "https://github.com/TA-Lib/ta-lib"
| #define PACKAGE "ta-lib"
| #define VERSION "0.6.4"
| #define HAVE_STDIO_H 1
| #define HAVE_STDLIB_H 1
| #define HAVE_STRING_H 1
| #define HAVE_INTTYPES_H 1
| #define HAVE_STDINT_H 1
| #define HAVE_STRINGS_H 1
| #define HAVE_SYS_STAT_H 1
| #define HAVE_SYS_TYPES_H 1
| #define HAVE_UNISTD_H 1
| #define STDC_HEADERS 1
| #define HAVE_DLFCN_H 1
| #define LT_OBJDIR ".libs/"
| #define HAVE_FLOAT_H 1
| #define HAVE_INTTYPES_H 1
| #define HAVE_LIMITS_H 1
| #define HAVE_LOCALE_H 1
| #define HAVE_STDDEF_H 1
| #define HAVE_STDINT_H 1
| #define HAVE_STDLIB_H 1
| #define HAVE_STRING_H 1
| #define HAVE_UNISTD_H 1
| #define HAVE_WCHAR_H 1
| #define HAVE_WCTYPE_H 1
| /* end confdefs.h.  */
| #include <stddef.h>
| #ifdef HAVE_STDIO_H
| # include <stdio.h>
| #endif
| #ifdef HAVE_STDLIB_H
| # include <stdlib.h>
| #endif
| #ifdef HAVE_STRING_H
| # include <string.h>
| #endif
| #ifdef HAVE_INTTYPES_H
| # include <inttypes.h>
| #endif
| #ifdef HAVE_STDINT_H
| # include <stdint.h>
| #endif
| #ifdef HAVE_STRINGS_H
| # include <strings.h>
| #endif
| #ifdef HAVE_SYS_TYPES_H
| # include <sys/types.h>
| #endif
| #ifdef HAVE_SYS_STAT_H
| # include <sys/stat.h>
| #endif
| #ifdef HAVE_UNISTD_H
| # include <unistd.h>
| #endif
| int
| main (void)
| {
| if (sizeof ((ptrdiff_t)))
| 	    return 0;
|   ;
|   return 0;
| }
configure:13959: result: yes
configure:13970: checking for working strcoll
configure:13998: gcc -o conftest -g -O2   conftest.c  >&5
configure:13998: $? = 0
configure:13998: ./conftest
configure:13998: $? = 0
configure:14009: result: yes
configure:14020: checking for strftime
configure:14020: gcc -o conftest -g -O2   conftest.c  >&5
configure:14020: $? = 0
configure:14020: result: yes
configure:14072: checking for working strtod
configure:14115: gcc -o conftest -g -O2   conftest.c  >&5
conftest.c:67:8: warning: a function declaration without a prototype is deprecated in all versions of C and is treated as a zero-parameter prototype in C23, conflicting with a previous declaration [-Wdeprecated-non-prototype]
   67 | double strtod ();
      |        ^
1 warning generated.
configure:14115: $? = 0
configure:14115: ./conftest
configure:14115: $? = 0
configure:14126: result: yes
configure:14193: checking for vprintf
configure:14193: gcc -o conftest -g -O2   conftest.c  >&5
conftest.c:53:6: warning: incompatible redeclaration of library function 'vprintf' [-Wincompatible-library-redeclaration]
   53 | char vprintf ();
      |      ^
conftest.c:53:6: note: 'vprintf' is a builtin with type 'int (const char *restrict, __builtin_va_list)'
1 warning generated.
configure:14193: $? = 0
configure:14193: result: yes
configure:14214: checking for floor
configure:14214: gcc -o conftest -g -O2   conftest.c  >&5
conftest.c:54:6: warning: incompatible redeclaration of library function 'floor' [-Wincompatible-library-redeclaration]
   54 | char floor ();
      |      ^
conftest.c:54:6: note: 'floor' is a builtin with type 'double (double)'
1 warning generated.
configure:14214: $? = 0
configure:14214: result: yes
configure:14220: checking for isascii
configure:14220: gcc -o conftest -g -O2   conftest.c  >&5
configure:14220: $? = 0
configure:14220: result: yes
configure:14226: checking for localeconv
configure:14226: gcc -o conftest -g -O2   conftest.c  >&5
configure:14226: $? = 0
configure:14226: result: yes
configure:14232: checking for mblen
configure:14232: gcc -o conftest -g -O2   conftest.c  >&5
configure:14232: $? = 0
configure:14232: result: yes
configure:14238: checking for memmove
configure:14238: gcc -o conftest -g -O2   conftest.c  >&5
conftest.c:58:6: warning: incompatible redeclaration of library function 'memmove' [-Wincompatible-library-redeclaration]
   58 | char memmove ();
      |      ^
conftest.c:58:6: note: 'memmove' is a builtin with type 'void *(void *, const void *, unsigned long)'
1 warning generated.
configure:14238: $? = 0
configure:14238: result: yes
configure:14244: checking for memset
configure:14244: gcc -o conftest -g -O2   conftest.c  >&5
conftest.c:59:6: warning: incompatible redeclaration of library function 'memset' [-Wincompatible-library-redeclaration]
   59 | char memset ();
      |      ^
conftest.c:59:6: note: 'memset' is a builtin with type 'void *(void *, int, unsigned long)'
1 warning generated.
configure:14244: $? = 0
configure:14244: result: yes
configure:14250: checking for modf
configure:14250: gcc -o conftest -g -O2   conftest.c  >&5
conftest.c:60:6: warning: incompatible redeclaration of library function 'modf' [-Wincompatible-library-redeclaration]
   60 | char modf ();
      |      ^
conftest.c:60:6: note: 'modf' is a builtin with type 'double (double, double *)'
1 warning generated.
configure:14250: $? = 0
configure:14250: result: yes
configure:14256: checking for pow
configure:14256: gcc -o conftest -g -O2   conftest.c  >&5
conftest.c:61:6: warning: incompatible redeclaration of library function 'pow' [-Wincompatible-library-redeclaration]
   61 | char pow ();
      |      ^
conftest.c:61:6: note: 'pow' is a builtin with type 'double (double, double)'
1 warning generated.
configure:14256: $? = 0
configure:14256: result: yes
configure:14262: checking for sqrt
configure:14262: gcc -o conftest -g -O2   conftest.c  >&5
conftest.c:62:6: warning: incompatible redeclaration of library function 'sqrt' [-Wincompatible-library-redeclaration]
   62 | char sqrt ();
      |      ^
conftest.c:62:6: note: 'sqrt' is a builtin with type 'double (double)'
1 warning generated.
configure:14262: $? = 0
configure:14262: result: yes
configure:14268: checking for strcasecmp
configure:14268: gcc -o conftest -g -O2   conftest.c  >&5
conftest.c:63:6: warning: incompatible redeclaration of library function 'strcasecmp' [-Wincompatible-library-redeclaration]
   63 | char strcasecmp ();
      |      ^
conftest.c:63:6: note: 'strcasecmp' is a builtin with type 'int (const char *, const char *)'
1 warning generated.
configure:14268: $? = 0
configure:14268: result: yes
configure:14274: checking for strchr
configure:14274: gcc -o conftest -g -O2   conftest.c  >&5
conftest.c:64:6: warning: incompatible redeclaration of library function 'strchr' [-Wincompatible-library-redeclaration]
   64 | char strchr ();
      |      ^
conftest.c:64:6: note: 'strchr' is a builtin with type 'char *(const char *, int)'
1 warning generated.
configure:14274: $? = 0
configure:14274: result: yes
configure:14280: checking for strerror
configure:14280: gcc -o conftest -g -O2   conftest.c  >&5
conftest.c:65:6: warning: incompatible redeclaration of library function 'strerror' [-Wincompatible-library-redeclaration]
   65 | char strerror ();
      |      ^
conftest.c:65:6: note: 'strerror' is a builtin with type 'char *(int)'
1 warning generated.
configure:14280: $? = 0
configure:14280: result: yes
configure:14286: checking for strncasecmp
configure:14286: gcc -o conftest -g -O2   conftest.c  >&5
conftest.c:66:6: warning: incompatible redeclaration of library function 'strncasecmp' [-Wincompatible-library-redeclaration]
   66 | char strncasecmp ();
      |      ^
conftest.c:66:6: note: 'strncasecmp' is a builtin with type 'int (const char *, const char *, unsigned long)'
1 warning generated.
configure:14286: $? = 0
configure:14286: result: yes
configure:14292: checking for strrchr
configure:14292: gcc -o conftest -g -O2   conftest.c  >&5
conftest.c:67:6: warning: incompatible redeclaration of library function 'strrchr' [-Wincompatible-library-redeclaration]
   67 | char strrchr ();
      |      ^
conftest.c:67:6: note: 'strrchr' is a builtin with type 'char *(const char *, int)'
1 warning generated.
configure:14292: $? = 0
configure:14292: result: yes
configure:14298: checking for strstr
configure:14298: gcc -o conftest -g -O2   conftest.c  >&5
conftest.c:68:6: warning: incompatible redeclaration of library function 'strstr' [-Wincompatible-library-redeclaration]
   68 | char strstr ();
      |      ^
conftest.c:68:6: note: 'strstr' is a builtin with type 'char *(const char *, const char *)'
1 warning generated.
configure:14298: $? = 0
configure:14298: result: yes
configure:14304: checking for strtol
configure:14304: gcc -o conftest -g -O2   conftest.c  >&5
conftest.c:69:6: warning: incompatible redeclaration of library function 'strtol' [-Wincompatible-library-redeclaration]
   69 | char strtol ();
      |      ^
conftest.c:69:6: note: 'strtol' is a builtin with type 'long (const char *, char **, int)'
1 warning generated.
configure:14304: $? = 0
configure:14304: result: yes
configure:14310: checking for strtoul
configure:14310: gcc -o conftest -g -O2   conftest.c  >&5
conftest.c:70:6: warning: incompatible redeclaration of library function 'strtoul' [-Wincompatible-library-redeclaration]
   70 | char strtoul ();
      |      ^
conftest.c:70:6: note: 'strtoul' is a builtin with type 'unsigned long (const char *, char **, int)'
1 warning generated.
configure:14310: $? = 0
configure:14310: result: yes
configure:14572: checking that generated files are newer than configure
configure:14578: result: done
configure:14605: creating ./config.status

## ---------------------- ##
## Running config.status. ##
## ---------------------- ##

This file was extended by ta-lib config.status 0.6.4, which was
generated by GNU Autoconf 2.71.  Invocation command line was

  CONFIG_FILES    = 
  CONFIG_HEADERS  = 
  CONFIG_LINKS    = 
  CONFIG_COMMANDS = 
  $ ./config.status 

on Pietros-MacBook-Air.local

config.status:1122: creating Makefile
config.status:1122: creating src/Makefile
config.status:1122: creating src/ta_abstract/Makefile
config.status:1122: creating src/ta_common/Makefile
config.status:1122: creating src/ta_func/Makefile
config.status:1122: creating src/tools/Makefile
config.status:1122: creating src/tools/gen_code/Makefile
config.status:1122: creating src/tools/ta_regtest/Makefile
config.status:1122: creating ta-lib.pc
config.status:1122: creating ta-lib.spec
config.status:1122: creating ta-lib.dpkg
config.status:1122: creating include/ta_config.h
config.status:1351: executing depfiles commands
config.status:1428: cd src/ta_abstract       && sed -e '/# am--include-marker/d' Makefile         | make -f - am--depfiles
config.status:1433: $? = 0
config.status:1428: cd src/ta_common       && sed -e '/# am--include-marker/d' Makefile         | make -f - am--depfiles
config.status:1433: $? = 0
config.status:1428: cd src/ta_func       && sed -e '/# am--include-marker/d' Makefile         | make -f - am--depfiles
config.status:1433: $? = 0
config.status:1428: cd src/tools/gen_code       && sed -e '/# am--include-marker/d' Makefile         | make -f - am--depfiles
config.status:1433: $? = 0
config.status:1428: cd src/tools/ta_regtest       && sed -e '/# am--include-marker/d' Makefile         | make -f - am--depfiles
config.status:1433: $? = 0
config.status:1351: executing libtool commands

## ---------------- ##
## Cache variables. ##
## ---------------- ##

ac_cv_build=aarch64-apple-darwin24.5.0
ac_cv_c_compiler_gnu=yes
ac_cv_c_const=yes
ac_cv_c_volatile=yes
ac_cv_env_CC_set=
ac_cv_env_CC_value=
ac_cv_env_CFLAGS_set=
ac_cv_env_CFLAGS_value=
ac_cv_env_CPPFLAGS_set=
ac_cv_env_CPPFLAGS_value=
ac_cv_env_LDFLAGS_set=
ac_cv_env_LDFLAGS_value=
ac_cv_env_LIBS_set=
ac_cv_env_LIBS_value=
ac_cv_env_LT_SYS_LIBRARY_PATH_set=
ac_cv_env_LT_SYS_LIBRARY_PATH_value=
ac_cv_env_build_alias_set=
ac_cv_env_build_alias_value=
ac_cv_env_host_alias_set=
ac_cv_env_host_alias_value=
ac_cv_env_target_alias_set=
ac_cv_env_target_alias_value=
ac_cv_func_floor=yes
ac_cv_func_isascii=yes
ac_cv_func_localeconv=yes
ac_cv_func_mblen=yes
ac_cv_func_memmove=yes
ac_cv_func_memset=yes
ac_cv_func_modf=yes
ac_cv_func_pow=yes
ac_cv_func_sqrt=yes
ac_cv_func_strcasecmp=yes
ac_cv_func_strchr=yes
ac_cv_func_strcoll_works=yes
ac_cv_func_strerror=yes
ac_cv_func_strftime=yes
ac_cv_func_strncasecmp=yes
ac_cv_func_strrchr=yes
ac_cv_func_strstr=yes
ac_cv_func_strtod=yes
ac_cv_func_strtol=yes
ac_cv_func_strtoul=yes
ac_cv_func_vprintf=yes
ac_cv_header_dlfcn_h=yes
ac_cv_header_float_h=yes
ac_cv_header_inttypes_h=yes
ac_cv_header_limits_h=yes
ac_cv_header_locale_h=yes
ac_cv_header_stddef_h=yes
ac_cv_header_stdint_h=yes
ac_cv_header_stdio_h=yes
ac_cv_header_stdlib_h=yes
ac_cv_header_string_h=yes
ac_cv_header_strings_h=yes
ac_cv_header_sys_stat_h=yes
ac_cv_header_sys_types_h=yes
ac_cv_header_unistd_h=yes
ac_cv_header_wchar_h=yes
ac_cv_header_wctype_h=yes
ac_cv_host=aarch64-apple-darwin24.5.0
ac_cv_objext=o
ac_cv_path_EGREP='/usr/bin/grep -E'
ac_cv_path_FGREP='/usr/bin/grep -F'
ac_cv_path_GREP=/usr/bin/grep
ac_cv_path_SED=/usr/bin/sed
ac_cv_path_install='/usr/bin/install -c'
ac_cv_path_lt_DD=/bin/dd
ac_cv_prog_AWK=awk
ac_cv_prog_ac_ct_AR=ar
ac_cv_prog_ac_ct_CC=gcc
ac_cv_prog_ac_ct_DSYMUTIL=dsymutil
ac_cv_prog_ac_ct_LIPO=lipo
ac_cv_prog_ac_ct_NMEDIT=nmedit
ac_cv_prog_ac_ct_OBJDUMP=objdump
ac_cv_prog_ac_ct_OTOOL=otool
ac_cv_prog_ac_ct_RANLIB=ranlib
ac_cv_prog_ac_ct_STRIP=strip
ac_cv_prog_cc_c11=
ac_cv_prog_cc_g=yes
ac_cv_prog_cc_stdc=
ac_cv_prog_make_make_set=yes
ac_cv_struct_tm=time.h
ac_cv_type_ptrdiff_t=yes
ac_cv_type_size_t=yes
am_cv_CC_dependencies_compiler_type=gcc3
am_cv_ar_interface=ar
am_cv_make_support_nested_variables=yes
am_cv_prog_cc_c_o=yes
lt_cv_apple_cc_single_mod=no
lt_cv_ar_at_file=no
lt_cv_deplibs_check_method=pass_all
lt_cv_file_magic_cmd='$MAGIC_CMD'
lt_cv_file_magic_test_file=
lt_cv_ld_exported_symbols_list=yes
lt_cv_ld_force_load=yes
lt_cv_ld_reload_flag=-r
lt_cv_nm_interface='BSD nm'
lt_cv_objdir=.libs
lt_cv_path_LD=/Library/Developer/CommandLineTools/usr/bin/ld
lt_cv_path_NM='/usr/bin/nm -B'
lt_cv_path_mainfest_tool=no
lt_cv_prog_compiler_c_o=yes
lt_cv_prog_compiler_pic='-fno-common -DPIC'
lt_cv_prog_compiler_pic_works=yes
lt_cv_prog_compiler_rtti_exceptions=yes
lt_cv_prog_compiler_static_works=no
lt_cv_prog_gnu_ld=no
lt_cv_sharedlib_from_linklib_cmd='printf %s\n'
lt_cv_sys_global_symbol_pipe='sed -n -e '\''s/^.*[	 ]\([ABCDGIRSTW][ABCDGIRSTW]*\)[	 ][	 ]*_\([_A-Za-z][_A-Za-z0-9]*\)$/\1 _\2 \2/p'\'' | sed '\''/ __gnu_lto/d'\'''
lt_cv_sys_global_symbol_to_c_name_address='sed -n -e '\''s/^: \(.*\) .*$/  {"\1", (void *) 0},/p'\'' -e '\''s/^[ABCDGIRSTW][ABCDGIRSTW]* .* \(.*\)$/  {"\1", (void *) \&\1},/p'\'''
lt_cv_sys_global_symbol_to_c_name_address_lib_prefix='sed -n -e '\''s/^: \(.*\) .*$/  {"\1", (void *) 0},/p'\'' -e '\''s/^[ABCDGIRSTW][ABCDGIRSTW]* .* \(lib.*\)$/  {"\1", (void *) \&\1},/p'\'' -e '\''s/^[ABCDGIRSTW][ABCDGIRSTW]* .* \(.*\)$/  {"lib\1", (void *) \&\1},/p'\'''
lt_cv_sys_global_symbol_to_cdecl='sed -n -e '\''s/^T .* \(.*\)$/extern int \1();/p'\'' -e '\''s/^[ABCDGIRSTW][ABCDGIRSTW]* .* \(.*\)$/extern char \1;/p'\'''
lt_cv_sys_global_symbol_to_import=
lt_cv_sys_max_cmd_len=786432
lt_cv_to_host_file_cmd=func_convert_file_noop
lt_cv_to_tool_file_cmd=func_convert_file_noop
lt_cv_truncate_bin='/bin/dd bs=4096 count=1'

## ----------------- ##
## Output variables. ##
## ----------------- ##

ACLOCAL='${SHELL} '\''/Users/pietroriccio/cryptobacktester/ta-lib-0.6.4/missing'\'' aclocal-1.16'
AMDEPBACKSLASH='\'
AMDEP_FALSE='#'
AMDEP_TRUE=''
AMTAR='$${TAR-tar}'
AM_BACKSLASH='\'
AM_DEFAULT_V='$(AM_DEFAULT_VERBOSITY)'
AM_DEFAULT_VERBOSITY='1'
AM_V='$(V)'
AR='ar'
AUTOCONF='${SHELL} '\''/Users/pietroriccio/cryptobacktester/ta-lib-0.6.4/missing'\'' autoconf'
AUTOHEADER='${SHELL} '\''/Users/pietroriccio/cryptobacktester/ta-lib-0.6.4/missing'\'' autoheader'
AUTOMAKE='${SHELL} '\''/Users/pietroriccio/cryptobacktester/ta-lib-0.6.4/missing'\'' automake-1.16'
AWK='awk'
CC='gcc'
CCDEPMODE='depmode=gcc3'
CFLAGS='-g -O2'
CPPFLAGS=''
CSCOPE='cscope'
CTAGS='ctags'
CYGPATH_W='echo'
DEFS='-DHAVE_CONFIG_H'
DEPDIR='.deps'
DLLTOOL='false'
DSYMUTIL='dsymutil'
DUMPBIN=''
ECHO_C='\c'
ECHO_N=''
ECHO_T=''
EGREP='/usr/bin/grep -E'
ETAGS='etags'
EXEEXT=''
FGREP='/usr/bin/grep -F'
GREP='/usr/bin/grep'
INSTALL_DATA='${INSTALL} -m 644'
INSTALL_PROGRAM='${INSTALL}'
INSTALL_SCRIPT='${INSTALL}'
INSTALL_STRIP_PROGRAM='$(install_sh) -c -s'
LD='/Library/Developer/CommandLineTools/usr/bin/ld'
LDFLAGS=''
LIBM=''
LIBOBJS=''
LIBS=''
LIBTOOL='$(SHELL) $(top_builddir)/libtool'
LIPO='lipo'
LN_S='ln -s'
LTLIBOBJS=''
LT_SYS_LIBRARY_PATH=''
MAKEINFO='${SHELL} '\''/Users/pietroriccio/cryptobacktester/ta-lib-0.6.4/missing'\'' makeinfo'
MANIFEST_TOOL=':'
MKDIR_P='./install-sh -c -d'
NM='/usr/bin/nm -B'
NMEDIT='nmedit'
OBJDUMP='objdump'
OBJEXT='o'
OTOOL64=':'
OTOOL='otool'
PACKAGE='ta-lib'
PACKAGE_BUGREPORT='https://github.com/TA-Lib/ta-lib/issues'
PACKAGE_NAME='ta-lib'
PACKAGE_STRING='ta-lib 0.6.4'
PACKAGE_TARNAME='ta-lib'
PACKAGE_URL='https://github.com/TA-Lib/ta-lib'
PACKAGE_VERSION='0.6.4'
PATH_SEPARATOR=':'
POW_LIB=''
RANLIB='ranlib'
SED='/usr/bin/sed'
SET_MAKE=''
SHELL='/bin/sh'
STRIP='strip'
TALIB_LIBRARY_VERSION='0:0:0'
VERSION='0.6.4'
ac_ct_AR='ar'
ac_ct_CC='gcc'
ac_ct_DUMPBIN=''
am__EXEEXT_FALSE=''
am__EXEEXT_TRUE='#'
am__fastdepCC_FALSE='#'
am__fastdepCC_TRUE=''
am__include='include'
am__isrc=''
am__leading_dot='.'
am__nodep='_no'
am__quote=''
am__tar='$${TAR-tar} chof - "$$tardir"'
am__untar='$${TAR-tar} xf -'
bindir='${exec_prefix}/bin'
build='aarch64-apple-darwin24.5.0'
build_alias=''
build_cpu='aarch64'
build_os='darwin24.5.0'
build_vendor='apple'
datadir='${datarootdir}'
datarootdir='${prefix}/share'
docdir='${datarootdir}/doc/${PACKAGE_TARNAME}'
dvidir='${docdir}'
exec_prefix='${prefix}'
host='aarch64-apple-darwin24.5.0'
host_alias=''
host_cpu='aarch64'
host_os='darwin24.5.0'
host_vendor='apple'
htmldir='${docdir}'
includedir='${prefix}/include'
infodir='${datarootdir}/info'
install_sh='${SHELL} /Users/pietroriccio/cryptobacktester/ta-lib-0.6.4/install-sh'
libdir='${exec_prefix}/lib'
libexecdir='${exec_prefix}/libexec'
localedir='${datarootdir}/locale'
localstatedir='${prefix}/var'
mandir='${datarootdir}/man'
mkdir_p='$(MKDIR_P)'
oldincludedir='/usr/include'
pdfdir='${docdir}'
prefix='/usr/local'
program_transform_name='s,x,x,'
psdir='${docdir}'
runstatedir='${localstatedir}/run'
sbindir='${exec_prefix}/sbin'
sharedstatedir='${prefix}/com'
sysconfdir='${prefix}/etc'
target_alias=''

## ----------- ##
## confdefs.h. ##
## ----------- ##

/* confdefs.h */
#define PACKAGE_NAME "ta-lib"
#define PACKAGE_TARNAME "ta-lib"
#define PACKAGE_VERSION "0.6.4"
#define PACKAGE_STRING "ta-lib 0.6.4"
#define PACKAGE_BUGREPORT "https://github.com/TA-Lib/ta-lib/issues"
#define PACKAGE_URL "https://github.com/TA-Lib/ta-lib"
#define PACKAGE "ta-lib"
#define VERSION "0.6.4"
#define HAVE_STDIO_H 1
#define HAVE_STDLIB_H 1
#define HAVE_STRING_H 1
#define HAVE_INTTYPES_H 1
#define HAVE_STDINT_H 1
#define HAVE_STRINGS_H 1
#define HAVE_SYS_STAT_H 1
#define HAVE_SYS_TYPES_H 1
#define HAVE_UNISTD_H 1
#define STDC_HEADERS 1
#define HAVE_DLFCN_H 1
#define LT_OBJDIR ".libs/"
#define HAVE_FLOAT_H 1
#define HAVE_INTTYPES_H 1
#define HAVE_LIMITS_H 1
#define HAVE_LOCALE_H 1
#define HAVE_STDDEF_H 1
#define HAVE_STDINT_H 1
#define HAVE_STDLIB_H 1
#define HAVE_STRING_H 1
#define HAVE_UNISTD_H 1
#define HAVE_WCHAR_H 1
#define HAVE_WCTYPE_H 1
#define HAVE_PTRDIFF_T 1
#define HAVE_STRCOLL 1
#define HAVE_STRFTIME 1
#define HAVE_VPRINTF 1
#define HAVE_FLOOR 1
#define HAVE_ISASCII 1
#define HAVE_LOCALECONV 1
#define HAVE_MBLEN 1
#define HAVE_MEMMOVE 1
#define HAVE_MEMSET 1
#define HAVE_MODF 1
#define HAVE_POW 1
#define HAVE_SQRT 1
#define HAVE_STRCASECMP 1
#define HAVE_STRCHR 1
#define HAVE_STRERROR 1
#define HAVE_STRNCASECMP 1
#define HAVE_STRRCHR 1
#define HAVE_STRSTR 1
#define HAVE_STRTOL 1
#define HAVE_STRTOUL 1

configure: exit 0
